<?xml version="1.0" encoding="UTF-8"?>
<testng-results skipped="0" failed="0" ignored="0" total="1" passed="1">
  <reporter-output>
  </reporter-output>
  <suite name="Default suite" duration-ms="69" started-at="2020-04-10T09:27:52Z" finished-at="2020-04-10T09:27:52Z">
    <groups>
    </groups>
    <test name="Default test" duration-ms="69" started-at="2020-04-10T09:27:52Z" finished-at="2020-04-10T09:27:52Z">
      <class name="com.cjc.Test">
        <test-method status="PASS" signature="beforeSuite()[pri:0, instance:com.cjc.Test@47c62251]" name="beforeSuite" is-config="true" duration-ms="23" started-at="2020-04-10T09:27:52Z" finished-at="2020-04-10T09:27:52Z">
          <reporter-output>
          </reporter-output>
        </test-method> <!-- beforeSuite -->
        <test-method status="PASS" signature="beforeTest()[pri:0, instance:com.cjc.Test@47c62251]" name="beforeTest" is-config="true" duration-ms="1" started-at="2020-04-10T09:27:52Z" finished-at="2020-04-10T09:27:52Z">
          <reporter-output>
          </reporter-output>
        </test-method> <!-- beforeTest -->
        <test-method status="PASS" signature="beforeClass()[pri:0, instance:com.cjc.Test@47c62251]" name="beforeClass" is-config="true" duration-ms="0" started-at="2020-04-10T09:27:52Z" finished-at="2020-04-10T09:27:52Z">
          <reporter-output>
          </reporter-output>
        </test-method> <!-- beforeClass -->
        <test-method status="PASS" signature="beforeMethod()[pri:0, instance:com.cjc.Test@47c62251]" name="beforeMethod" is-config="true" duration-ms="0" started-at="2020-04-10T09:27:52Z" finished-at="2020-04-10T09:27:52Z">
          <reporter-output>
          </reporter-output>
        </test-method> <!-- beforeMethod -->
        <test-method status="PASS" signature="Test()[pri:0, instance:com.cjc.Test@47c62251]" name="Test" duration-ms="12" started-at="2020-04-10T09:27:52Z" finished-at="2020-04-10T09:27:52Z">
          <reporter-output>
          </reporter-output>
        </test-method> <!-- Test -->
        <test-method status="PASS" signature="afterMethod()[pri:0, instance:com.cjc.Test@47c62251]" name="afterMethod" is-config="true" duration-ms="1" started-at="2020-04-10T09:27:52Z" finished-at="2020-04-10T09:27:52Z">
          <reporter-output>
          </reporter-output>
        </test-method> <!-- afterMethod -->
        <test-method status="PASS" signature="afterClass()[pri:0, instance:com.cjc.Test@47c62251]" name="afterClass" is-config="true" duration-ms="0" started-at="2020-04-10T09:27:52Z" finished-at="2020-04-10T09:27:52Z">
          <reporter-output>
          </reporter-output>
        </test-method> <!-- afterClass -->
        <test-method status="PASS" signature="afterTest()[pri:0, instance:com.cjc.Test@47c62251]" name="afterTest" is-config="true" duration-ms="1" started-at="2020-04-10T09:27:52Z" finished-at="2020-04-10T09:27:52Z">
          <reporter-output>
          </reporter-output>
        </test-method> <!-- afterTest -->
        <test-method status="PASS" signature="afterSuite()[pri:0, instance:com.cjc.Test@47c62251]" name="afterSuite" is-config="true" duration-ms="1" started-at="2020-04-10T09:27:52Z" finished-at="2020-04-10T09:27:52Z">
          <reporter-output>
          </reporter-output>
        </test-method> <!-- afterSuite -->
      </class> <!-- com.cjc.Test -->
    </test> <!-- Default test -->
  </suite> <!-- Default suite -->
</testng-results>
